e:\misc\guidedhacking\new reversing folder\cole app for function calling\memberfunctiondll\release\vc142.pdb
e:\misc\guidedhacking\new reversing folder\cole app for function calling\memberfunctiondll\release\proc.obj
e:\misc\guidedhacking\new reversing folder\cole app for function calling\memberfunctiondll\release\mem.obj
e:\misc\guidedhacking\new reversing folder\cole app for function calling\memberfunctiondll\release\dllmain.obj
x:\pwn-adventure-3-trainer\internal trainer\memberfunctiondll\release\vc142.pdb
x:\pwn-adventure-3-trainer\internal trainer\memberfunctiondll\release\proc.obj
x:\pwn-adventure-3-trainer\internal trainer\memberfunctiondll\release\mem.obj
x:\pwn-adventure-3-trainer\internal trainer\memberfunctiondll\release\dllmain.obj
e:\misc\guidedhacking\new reversing folder\cole app for function calling\memberfunctiondll\release\memberfunctiondll.dll
e:\misc\guidedhacking\new reversing folder\cole app for function calling\memberfunctiondll\release\memberfunctiondll.pdb
x:\pwn-adventure-3-trainer\internal trainer\memberfunctiondll\release\memberfunctiondll.dll
x:\pwn-adventure-3-trainer\internal trainer\memberfunctiondll\release\memberfunctiondll.pdb
e:\misc\guidedhacking\new reversing folder\cole app for function calling\memberfunctiondll\release\memberfunctiondll.ipdb
e:\misc\guidedhacking\new reversing folder\cole app for function calling\memberfunctiondll\release\memberfunctiondll.iobj
x:\pwn-adventure-3-trainer\internal trainer\memberfunctiondll\release\memberfunctiondll.ipdb
x:\pwn-adventure-3-trainer\internal trainer\memberfunctiondll\release\memberfunctiondll.iobj
x:\pwn-adventure-3-trainer\internal trainer\memberfunctiondll\release\memberfu.299291af.tlog\cl.command.1.tlog
x:\pwn-adventure-3-trainer\internal trainer\memberfunctiondll\release\memberfu.299291af.tlog\cl.read.1.tlog
x:\pwn-adventure-3-trainer\internal trainer\memberfunctiondll\release\memberfu.299291af.tlog\cl.write.1.tlog
x:\pwn-adventure-3-trainer\internal trainer\memberfunctiondll\release\memberfu.299291af.tlog\link.command.1.tlog
x:\pwn-adventure-3-trainer\internal trainer\memberfunctiondll\release\memberfu.299291af.tlog\link.delete.1.tlog
x:\pwn-adventure-3-trainer\internal trainer\memberfunctiondll\release\memberfu.299291af.tlog\link.read.1.tlog
x:\pwn-adventure-3-trainer\internal trainer\memberfunctiondll\release\memberfu.299291af.tlog\link.write.1.tlog
x:\pwn-adventure-3-trainer\internal trainer\memberfunctiondll\release\memberfu.299291af.tlog\memberfunctiondll.write.1u.tlog
