c:\users\t_bal\documents\skyrimbutwithponies\hookerponies\skyrimoverlay\debug\vc142.pdb
c:\users\t_bal\documents\skyrimbutwithponies\hookerponies\skyrimoverlay\debug\vc142.idb
c:\users\t_bal\documents\skyrimbutwithponies\hookerponies\skyrimoverlay\debug\proc.obj
c:\users\t_bal\documents\skyrimbutwithponies\hookerponies\skyrimoverlay\debug\pch.obj
c:\users\t_bal\documents\skyrimbutwithponies\hookerponies\skyrimoverlay\debug\overlay.obj
c:\users\t_bal\documents\skyrimbutwithponies\hookerponies\skyrimoverlay\debug\modulemgr.obj
c:\users\t_bal\documents\skyrimbutwithponies\hookerponies\skyrimoverlay\debug\mem.obj
c:\users\t_bal\documents\skyrimbutwithponies\hookerponies\skyrimoverlay\debug\functions.obj
c:\users\t_bal\documents\skyrimbutwithponies\hookerponies\skyrimoverlay\debug\drawing.obj
c:\users\t_bal\documents\skyrimbutwithponies\hookerponies\skyrimoverlay\debug\directx.obj
c:\users\james\documents\functionalhookerponies\pwn-adventure-3-trainer-menutesting\hookerponies\skyrimoverlay\debug\vc142.pdb
c:\users\james\documents\functionalhookerponies\pwn-adventure-3-trainer-menutesting\hookerponies\skyrimoverlay\debug\vc142.idb
c:\users\james\documents\functionalhookerponies\pwn-adventure-3-trainer-menutesting\hookerponies\skyrimoverlay\debug\proc.obj
c:\users\james\documents\functionalhookerponies\pwn-adventure-3-trainer-menutesting\hookerponies\skyrimoverlay\debug\pch.obj
c:\users\james\documents\functionalhookerponies\pwn-adventure-3-trainer-menutesting\hookerponies\skyrimoverlay\debug\modulemgr.obj
c:\users\james\documents\functionalhookerponies\pwn-adventure-3-trainer-menutesting\hookerponies\skyrimoverlay\debug\mem.obj
c:\users\james\documents\functionalhookerponies\pwn-adventure-3-trainer-menutesting\hookerponies\skyrimoverlay\debug\overlay.obj
c:\users\james\documents\functionalhookerponies\pwn-adventure-3-trainer-menutesting\hookerponies\skyrimoverlay\debug\drawing.obj
c:\users\james\documents\functionalhookerponies\pwn-adventure-3-trainer-menutesting\hookerponies\skyrimoverlay\debug\directx.obj
c:\users\james\documents\functionalhookerponies\pwn-adventure-3-trainer-menutesting\hookerponies\skyrimoverlay\debug\functions.obj
c:\users\t_bal\documents\skyrimbutwithponies\hookerponies\debug\ponyoverlay.ilk
c:\users\t_bal\documents\skyrimbutwithponies\hookerponies\debug\ponyoverlay.dll
c:\users\t_bal\documents\skyrimbutwithponies\hookerponies\debug\ponyoverlay.pdb
c:\users\james\documents\functionalhookerponies\pwn-adventure-3-trainer-menutesting\hookerponies\debug\ponyoverlay.pdb
c:\users\james\documents\functionalhookerponies\pwn-adventure-3-trainer-menutesting\hookerponies\debug\ponyoverlay.dll
c:\users\james\documents\functionalhookerponies\pwn-adventure-3-trainer-menutesting\hookerponies\debug\ponyoverlay.ilk
c:\users\james\documents\functionalhookerponies\pwn-adventure-3-trainer-menutesting\hookerponies\skyrimoverlay\debug\ponyoverlay.tlog\cl.command.1.tlog
c:\users\james\documents\functionalhookerponies\pwn-adventure-3-trainer-menutesting\hookerponies\skyrimoverlay\debug\ponyoverlay.tlog\cl.read.1.tlog
c:\users\james\documents\functionalhookerponies\pwn-adventure-3-trainer-menutesting\hookerponies\skyrimoverlay\debug\ponyoverlay.tlog\cl.write.1.tlog
c:\users\james\documents\functionalhookerponies\pwn-adventure-3-trainer-menutesting\hookerponies\skyrimoverlay\debug\ponyoverlay.tlog\link.command.1.tlog
c:\users\james\documents\functionalhookerponies\pwn-adventure-3-trainer-menutesting\hookerponies\skyrimoverlay\debug\ponyoverlay.tlog\link.read.1.tlog
c:\users\james\documents\functionalhookerponies\pwn-adventure-3-trainer-menutesting\hookerponies\skyrimoverlay\debug\ponyoverlay.tlog\link.write.1.tlog
