C:\Program Files (x86)\Microsoft Visual Studio\2019\Enterprise\MSBuild\Microsoft\VC\v160\Microsoft.CppBuild.targets(452,5): warning MSB8028: The intermediate directory (Debug\) contains files shared from another project (SkyrimOverlay.vcxproj).  This can lead to incorrect clean and rebuild behavior.
  DirectX.cpp
C:\Users\t_bal\Documents\SkyrimButWithPonies\hookerPonies\SkyrimOverlay\Functions.h(4,1): warning C4005: '_CRT_SECURE_NO_WARNINGS': macro redefinition
C:\Users\t_bal\Documents\SkyrimButWithPonies\hookerPonies\SkyrimOverlay\DirectX.cpp : message : see previous definition of '_CRT_SECURE_NO_WARNINGS'
C:\Users\t_bal\Documents\SkyrimButWithPonies\hookerPonies\SkyrimOverlay\DirectX.cpp(164,1): warning C4996: 'swprintf': function has been changed to conform with the ISO C standard, adding an extra character count parameter. To use the traditional Microsoft version, set _CRT_NON_CONFORMING_SWPRINTFS.
C:\Program Files (x86)\Windows Kits\10\Include\10.0.18362.0\ucrt\corecrt_wstdio.h(1822): message : see declaration of 'swprintf'
C:\Users\t_bal\Documents\SkyrimButWithPonies\hookerPonies\SkyrimOverlay\DirectX.cpp(165,1): warning C4996: 'swprintf': function has been changed to conform with the ISO C standard, adding an extra character count parameter. To use the traditional Microsoft version, set _CRT_NON_CONFORMING_SWPRINTFS.
  Drawing.cpp
C:\Program Files (x86)\Windows Kits\10\Include\10.0.18362.0\ucrt\corecrt_wstdio.h(1822): message : see declaration of 'swprintf'
C:\Users\t_bal\Documents\SkyrimButWithPonies\hookerPonies\SkyrimOverlay\Functions.h(4,1): warning C4005: '_CRT_SECURE_NO_WARNINGS': macro redefinition
  Functions.cpp
C:\Users\t_bal\Documents\SkyrimButWithPonies\hookerPonies\SkyrimOverlay\Drawing.cpp : message : see previous definition of '_CRT_SECURE_NO_WARNINGS'
C:\Users\t_bal\Documents\SkyrimButWithPonies\hookerPonies\SkyrimOverlay\Functions.h(4,1): warning C4005: '_CRT_SECURE_NO_WARNINGS': macro redefinition
C:\Users\t_bal\Documents\SkyrimButWithPonies\hookerPonies\SkyrimOverlay\Functions.cpp : message : see previous definition of '_CRT_SECURE_NO_WARNINGS'
C:\Users\t_bal\Documents\SkyrimButWithPonies\hookerPonies\SkyrimOverlay\Functions.cpp(11,131): warning C4474: 'printf' : too many arguments passed for format string
  mem.cpp
  ModuleMgr.cpp
  Overlay.cpp
C:\Users\t_bal\Documents\SkyrimButWithPonies\hookerPonies\SkyrimOverlay\Functions.cpp(11,131): message : placeholders and their parameters expect 0 variadic arguments, but 1 were provided
C:\Users\t_bal\Documents\SkyrimButWithPonies\hookerPonies\SkyrimOverlay\Functions.h(4,1): warning C4005: '_CRT_SECURE_NO_WARNINGS': macro redefinition
  pch.cpp
  proc.cpp
  Generating Code...
C:\Users\t_bal\Documents\SkyrimButWithPonies\hookerPonies\SkyrimOverlay\Overlay.cpp : message : see previous definition of '_CRT_SECURE_NO_WARNINGS'
  SkyrimOverlay.vcxproj -> C:\Users\t_bal\Documents\SkyrimButWithPonies\hookerPonies\Debug\PonyOverlay.dll
